<?xml version="1.0" encoding="UTF-8"?>
<!-- Generated by org.testng.reporters.JUnitReportReporter -->
<testsuite name="SatishProjects.RestAssuredProject.NewTest" tests="2" time="7.108" ignored="0" failures="0" timestamp="01 Aug 2021 21:28:27 GMT" skipped="0" hostname="User-PC" errors="0">
  <testcase name="f" time="4.816" classname="SatishProjects.RestAssuredProject.NewTest"/>
  <testcase name="test_02" time="2.292" classname="SatishProjects.RestAssuredProject.NewTest"/>
</testsuite> <!-- SatishProjects.RestAssuredProject.NewTest -->
