<?xml version="1.0" encoding="UTF-8"?>
<!-- Generated by org.testng.reporters.JUnitReportReporter -->
<testsuite name="SatishProjects.RestAssuredProject.Tests_GET" tests="1" time="5.708" ignored="0" failures="0" timestamp="23 Nov 2021 01:42:52 GMT" skipped="0" hostname="User-PC" errors="0">
  <testcase name="test_1" time="5.708" classname="SatishProjects.RestAssuredProject.Tests_GET"/>
</testsuite> <!-- SatishProjects.RestAssuredProject.Tests_GET -->
