<?xml version="1.0" encoding="UTF-8"?>
<!-- Generated by org.testng.reporters.JUnitReportReporter -->
<testsuite name="test.RestAPITestsTest" tests="1" time="3.160" ignored="0" failures="0" timestamp="26 Nov 2021 19:56:02 GMT" skipped="0" hostname="User-PC" errors="0">
  <testcase name="whenMeasureResponseTime_thenOK" time="3.160" classname="test.RestAPITestsTest"/>
</testsuite> <!-- test.RestAPITestsTest -->
