<?xml version="1.0" encoding="UTF-8"?>
<!-- Generated by org.testng.reporters.JUnitReportReporter -->
<testsuite skipped="0" hostname="User-PC" name="SatishProjects.RestAssuredProject.Tests_GET" tests="1" failures="0" timestamp="2021-11-27T14:50:15 EST" time="1.516" errors="0">
  <testcase name="test_1" time="1.516" classname="SatishProjects.RestAssuredProject.Tests_GET"/>
  <system-out/>
</testsuite> <!-- SatishProjects.RestAssuredProject.Tests_GET -->
