<?xml version="1.0" encoding="UTF-8"?>
<!-- Generated by org.testng.reporters.JUnitReportReporter -->
<testsuite skipped="0" hostname="User-PC" name="SatishProjects.RestAssuredProject.Tests_GET" tests="1" failures="0" timestamp="2021-11-26T16:23:14 EST" time="1.683" errors="0">
  <testcase name="test_1" time="1.683" classname="SatishProjects.RestAssuredProject.Tests_GET"/>
  <system-out/>
</testsuite> <!-- SatishProjects.RestAssuredProject.Tests_GET -->
