<?xml version="1.0" encoding="UTF-8"?>
<!-- Generated by org.testng.reporters.JUnitReportReporter -->
<testsuite skipped="0" hostname="User-PC" name="SatishProjects.RestAssuredProject.NewTest" tests="2" failures="0" timestamp="2021-11-27T14:50:15 EST" time="4.421" errors="0">
  <testcase name="test_02" time="1.425" classname="SatishProjects.RestAssuredProject.NewTest"/>
  <system-out/>
  <testcase name="f" time="2.996" classname="SatishProjects.RestAssuredProject.NewTest"/>
  <system-out/>
</testsuite> <!-- SatishProjects.RestAssuredProject.NewTest -->
