<?xml version="1.0" encoding="UTF-8"?>
<!-- Generated by org.testng.reporters.JUnitReportReporter -->
<testsuite skipped="0" hostname="User-PC" name="SatishProjects.RestAssuredProject.NewTest" tests="2" failures="0" timestamp="2021-11-26T16:23:14 EST" time="3.324" errors="0">
  <testcase name="test_02" time="0.799" classname="SatishProjects.RestAssuredProject.NewTest"/>
  <system-out/>
  <testcase name="f" time="2.525" classname="SatishProjects.RestAssuredProject.NewTest"/>
  <system-out/>
</testsuite> <!-- SatishProjects.RestAssuredProject.NewTest -->
