<?xml version="1.0" encoding="UTF-8"?>
<!-- Generated by org.testng.reporters.JUnitReportReporter -->
<testsuite skipped="0" hostname="User-PC" name="test.RestAPITestsTest" tests="1" failures="0" timestamp="2021-11-26T16:23:14 EST" time="0.952" errors="0">
  <testcase name="whenMeasureResponseTime_thenOK" time="0.952" classname="test.RestAPITestsTest"/>
  <system-out/>
</testsuite> <!-- test.RestAPITestsTest -->
